Using pre-set license
Built from '2020.3/staging' branch; Version is '2020.3.6f1 (338bb68529b2) revision 3378102'; Using compiler version '192528614'; Build Type 'Release'
OS: 'Windows 10 Pro; OS build 18363.1316; Version 1909; 64bit' Language: 'ru' Physical Memory: 16076 MB
BatchMode: 1, IsHumanControllingUs: 0, StartBugReporterOnCrash: 0, Is64bit: 1, IsPro: 0

 COMMAND LINE ARGUMENTS:
C:\Program Files\Unity\Hub\Editor\2020.3.6f1\Editor\Unity.exe
-adb2
-batchMode
-noUpm
-name
AssetImportWorker0
-projectPath
C:/Users/dooob/Documents/GitHub/CoopCity
-logFile
Logs/AssetImportWorker0.log
-srvPort
55429
Successfully changed project path to: C:/Users/dooob/Documents/GitHub/CoopCity
C:/Users/dooob/Documents/GitHub/CoopCity
Using Asset Import Pipeline V2.
Refreshing native plugins compatible for Editor in 34.62 ms, found 0 plugins.
Preloading 0 native plugins for Editor in 0.00 ms.
Initialize engine version: 2020.3.6f1 (338bb68529b2)
[Subsystems] Discovering subsystems at path C:/Program Files/Unity/Hub/Editor/2020.3.6f1/Editor/Data/Resources/UnitySubsystems
[Subsystems] Discovering subsystems at path C:/Users/dooob/Documents/GitHub/CoopCity/Assets
GfxDevice: creating device client; threaded=0
Direct3D:
    Version:  Direct3D 11.0 [level 11.1]
    Renderer: NVIDIA GeForce GTX 1060 6GB (ID=0x1c03)
    Vendor:   
    VRAM:     6052 MB
    Driver:   27.21.14.6611
Initialize mono
Mono path[0] = 'C:/Program Files/Unity/Hub/Editor/2020.3.6f1/Editor/Data/Managed'
Mono path[1] = 'C:/Program Files/Unity/Hub/Editor/2020.3.6f1/Editor/Data/MonoBleedingEdge/lib/mono/unityjit'
Mono config path = 'C:/Program Files/Unity/Hub/Editor/2020.3.6f1/Editor/Data/MonoBleedingEdge/etc'
Using monoOptions --debugger-agent=transport=dt_socket,embedding=1,server=y,suspend=n,address=127.0.0.1:56400
Begin MonoManager ReloadAssembly
Registering precompiled unity dll's ...
Register platform support module: C:/Program Files/Unity/Hub/Editor/2020.3.6f1/Editor/Data/PlaybackEngines/WebGLSupport/UnityEditor.WebGL.Extensions.dll
Register platform support module: C:/Program Files/Unity/Hub/Editor/2020.3.6f1/Editor/Data/PlaybackEngines/WindowsStandaloneSupport/UnityEditor.WindowsStandalone.Extensions.dll
Registered in 0.003200 seconds.
Native extension for WindowsStandalone target not found
Native extension for WebGL target not found
Refreshing native plugins compatible for Editor in 27.59 ms, found 0 plugins.
Preloading 0 native plugins for Editor in 0.00 ms.
Mono: successfully reloaded assembly
- Completed reload, in  1.633 seconds
Platform modules already initialized, skipping
Registering precompiled user dll's ...
Registered in 0.000946 seconds.
Begin MonoManager ReloadAssembly
Native extension for WindowsStandalone target not found
Native extension for WebGL target not found
Refreshing native plugins compatible for Editor in 0.27 ms, found 0 plugins.
Preloading 0 native plugins for Editor in 0.00 ms.
Mono: successfully reloaded assembly
- Completed reload, in  1.339 seconds
Platform modules already initialized, skipping
========================================================================
Worker process is ready to serve import requests
Launched and connected shader compiler UnityShaderCompiler.exe after 0.06 seconds
Refreshing native plugins compatible for Editor in 0.39 ms, found 0 plugins.
Preloading 0 native plugins for Editor in 0.00 ms.
Unloading 1116 Unused Serialized files (Serialized files now loaded: 0)
System memory in use before: 69.6 MB.
System memory in use after: 69.6 MB.

Unloading 10 unused Assets to reduce memory usage. Loaded Objects now: 1577.
Total: 1.879000 ms (FindLiveObjects: 0.143900 ms CreateObjectMapping: 0.029800 ms MarkObjects: 1.580900 ms  DeleteObjects: 0.123100 ms)

========================================================================
Received Import Request.
  path: Assets/TerrainData_532c3fb6-d99e-409a-9db3-004a7da124bc.asset
  artifactKey: Guid(314cfd79aeda4904daf672f9fb21d055) Importer(815301076,1909f56bfc062723c751e8b465ee728b)
Start importing Assets/TerrainData_532c3fb6-d99e-409a-9db3-004a7da124bc.asset using Guid(314cfd79aeda4904daf672f9fb21d055) Importer(815301076,1909f56bfc062723c751e8b465ee728b)  -> (artifact id: '76a54a784789ad872a95b54ee72ba7ec') in 0.043206 seconds
  Import took 0.045255 seconds .

========================================================================
Received Import Request.
  Time since last request: 0.000220 seconds.
  path: Assets/New Terrain.asset
  artifactKey: Guid(44300f45dbc09264eaad55c57e014155) Importer(815301076,1909f56bfc062723c751e8b465ee728b)
Start importing Assets/New Terrain.asset using Guid(44300f45dbc09264eaad55c57e014155) Importer(815301076,1909f56bfc062723c751e8b465ee728b)  -> (artifact id: '5398b7aa710d2f76f9356aafec4c3ccf') in 0.014901 seconds
  Import took 0.017119 seconds .

========================================================================
Received Import Request.
  Time since last request: 176.012632 seconds.
  path: Assets/Scripts
  artifactKey: Guid(8fcf9802ff7cf6b4e8263b3ff25a8b63) Importer(815301076,1909f56bfc062723c751e8b465ee728b)
Start importing Assets/Scripts using Guid(8fcf9802ff7cf6b4e8263b3ff25a8b63) Importer(815301076,1909f56bfc062723c751e8b465ee728b)  -> (artifact id: 'b2bc5021cc7acae0392b210927481716') in 0.008403 seconds
  Import took 0.010881 seconds .

========================================================================
Received Import Request.
  Time since last request: 0.010598 seconds.
  path: Assets/Scripts
  artifactKey: Guid(8fcf9802ff7cf6b4e8263b3ff25a8b63) Importer(815301076,1909f56bfc062723c751e8b465ee728b)
Start importing Assets/Scripts using Guid(8fcf9802ff7cf6b4e8263b3ff25a8b63) Importer(815301076,1909f56bfc062723c751e8b465ee728b)  -> (artifact id: 'b2bc5021cc7acae0392b210927481716') in 0.002772 seconds
  Import took 0.004921 seconds .

========================================================================
Received Import Request.
  Time since last request: 0.997531 seconds.
  path: Assets/Scripts/CameraControl.cs
  artifactKey: Guid(107d82f80a5c9674f8f84f7feb9a218d) Importer(815301076,1909f56bfc062723c751e8b465ee728b)
Start importing Assets/Scripts/CameraControl.cs using Guid(107d82f80a5c9674f8f84f7feb9a218d) Importer(815301076,1909f56bfc062723c751e8b465ee728b)  -> (artifact id: '7332f07b034ab1d0fc81a7bb305dda5c') in 0.075778 seconds
  Import took 0.077713 seconds .

========================================================================
Received Import Request.
  Time since last request: 50.211358 seconds.
  path: Assets/Scripts/CameraControl.cs
  artifactKey: Guid(107d82f80a5c9674f8f84f7feb9a218d) Importer(815301076,1909f56bfc062723c751e8b465ee728b)
Start importing Assets/Scripts/CameraControl.cs using Guid(107d82f80a5c9674f8f84f7feb9a218d) Importer(815301076,1909f56bfc062723c751e8b465ee728b)  -> (artifact id: '68ea2e68684c1e620afe2e47efbafd03') in 0.004551 seconds
  Import took 0.006959 seconds .

========================================================================
Received Prepare
Registering precompiled user dll's ...
Registered in 0.000934 seconds.
Begin MonoManager ReloadAssembly
Native extension for WindowsStandalone target not found
Native extension for WebGL target not found
Refreshing native plugins compatible for Editor in 0.20 ms, found 0 plugins.
Preloading 0 native plugins for Editor in 0.00 ms.
Mono: successfully reloaded assembly
- Completed reload, in  1.032 seconds
Platform modules already initialized, skipping
Refreshing native plugins compatible for Editor in 0.20 ms, found 0 plugins.
Preloading 0 native plugins for Editor in 0.00 ms.
Unloading 1111 Unused Serialized files (Serialized files now loaded: 0)
System memory in use before: 69.5 MB.
System memory in use after: 69.6 MB.

Unloading 5 unused Assets to reduce memory usage. Loaded Objects now: 1580.
Total: 1.891700 ms (FindLiveObjects: 0.162800 ms CreateObjectMapping: 0.033500 ms MarkObjects: 1.595200 ms  DeleteObjects: 0.096400 ms)

AssetImportWorkerClient::OnTransportError - code=2 error=End of file
